<?xml version="1.0" encoding="UTF-8"?>
<testsuite name="com.example.testcode.controller.CalculatorApiControllerTest" tests="1" skipped="0" failures="0" errors="0" timestamp="2022-05-17T15:24:35" hostname="sinjeong-eun-ui-MacBookPro.local" time="0.38">
  <properties/>
  <testcase name="minusTest()" classname="com.example.testcode.controller.CalculatorApiControllerTest" time="0.38"/>
  <system-out><![CDATA[00:24:30.665 [Test worker] DEBUG org.springframework.test.context.BootstrapUtils - Instantiating CacheAwareContextLoaderDelegate from class [org.springframework.test.context.cache.DefaultCacheAwareContextLoaderDelegate]
00:24:30.673 [Test worker] DEBUG org.springframework.test.context.BootstrapUtils - Instantiating BootstrapContext using constructor [public org.springframework.test.context.support.DefaultBootstrapContext(java.lang.Class,org.springframework.test.context.CacheAwareContextLoaderDelegate)]
00:24:30.761 [Test worker] DEBUG org.springframework.test.context.BootstrapUtils - Instantiating TestContextBootstrapper for test class [com.example.testcode.controller.CalculatorApiControllerTest] from class [org.springframework.boot.test.autoconfigure.web.servlet.WebMvcTestContextBootstrapper]
00:24:30.846 [Test worker] INFO org.springframework.boot.test.autoconfigure.web.servlet.WebMvcTestContextBootstrapper - Neither @ContextConfiguration nor @ContextHierarchy found for test class [com.example.testcode.controller.CalculatorApiControllerTest], using SpringBootContextLoader
00:24:30.858 [Test worker] DEBUG org.springframework.test.context.support.AbstractContextLoader - Did not detect default resource location for test class [com.example.testcode.controller.CalculatorApiControllerTest]: class path resource [com/example/testcode/controller/CalculatorApiControllerTest-context.xml] does not exist
00:24:30.861 [Test worker] DEBUG org.springframework.test.context.support.AbstractContextLoader - Did not detect default resource location for test class [com.example.testcode.controller.CalculatorApiControllerTest]: class path resource [com/example/testcode/controller/CalculatorApiControllerTestContext.groovy] does not exist
00:24:30.861 [Test worker] INFO org.springframework.test.context.support.AbstractContextLoader - Could not detect default resource locations for test class [com.example.testcode.controller.CalculatorApiControllerTest]: no resource found for suffixes {-context.xml, Context.groovy}.
00:24:30.862 [Test worker] INFO org.springframework.test.context.support.AnnotationConfigContextLoaderUtils - Could not detect default configuration classes for test class [com.example.testcode.controller.CalculatorApiControllerTest]: CalculatorApiControllerTest does not declare any static, non-private, non-final, nested classes annotated with @Configuration.
00:24:31.077 [Test worker] DEBUG org.springframework.test.context.support.ActiveProfilesUtils - Could not find an 'annotation declaring class' for annotation type [org.springframework.test.context.ActiveProfiles] and class [com.example.testcode.controller.CalculatorApiControllerTest]
00:24:31.225 [Test worker] DEBUG org.springframework.context.annotation.ClassPathScanningCandidateComponentProvider - Identified candidate component class: file [/Users/jeunning/IdeaProjects/testCode/build/classes/java/main/com/example/testcode/TestCodeApplication.class]
00:24:31.230 [Test worker] INFO org.springframework.boot.test.context.SpringBootTestContextBootstrapper - Found @SpringBootConfiguration com.example.testcode.TestCodeApplication for test class com.example.testcode.controller.CalculatorApiControllerTest
00:24:31.252 [Test worker] DEBUG org.springframework.boot.test.autoconfigure.web.servlet.WebMvcTestContextBootstrapper - @TestExecutionListeners is not present for class [com.example.testcode.controller.CalculatorApiControllerTest]: using defaults.
00:24:31.253 [Test worker] INFO org.springframework.boot.test.autoconfigure.web.servlet.WebMvcTestContextBootstrapper - Loaded default TestExecutionListener class names from location [META-INF/spring.factories]: [org.springframework.boot.test.autoconfigure.restdocs.RestDocsTestExecutionListener, org.springframework.boot.test.autoconfigure.web.client.MockRestServiceServerResetTestExecutionListener, org.springframework.boot.test.autoconfigure.web.servlet.MockMvcPrintOnlyOnFailureTestExecutionListener, org.springframework.boot.test.autoconfigure.web.servlet.WebDriverTestExecutionListener, org.springframework.boot.test.autoconfigure.webservices.client.MockWebServiceServerTestExecutionListener, org.springframework.boot.test.mock.mockito.MockitoTestExecutionListener, org.springframework.boot.test.mock.mockito.ResetMocksTestExecutionListener, org.springframework.test.context.web.ServletTestExecutionListener, org.springframework.test.context.support.DirtiesContextBeforeModesTestExecutionListener, org.springframework.test.context.event.ApplicationEventsTestExecutionListener, org.springframework.test.context.support.DependencyInjectionTestExecutionListener, org.springframework.test.context.support.DirtiesContextTestExecutionListener, org.springframework.test.context.transaction.TransactionalTestExecutionListener, org.springframework.test.context.jdbc.SqlScriptsTestExecutionListener, org.springframework.test.context.event.EventPublishingTestExecutionListener]
00:24:31.267 [Test worker] DEBUG org.springframework.boot.test.autoconfigure.web.servlet.WebMvcTestContextBootstrapper - Skipping candidate TestExecutionListener [org.springframework.test.context.transaction.TransactionalTestExecutionListener] due to a missing dependency. Specify custom listener classes or make the default listener classes and their required dependencies available. Offending class: [org/springframework/transaction/TransactionDefinition]
00:24:31.268 [Test worker] DEBUG org.springframework.boot.test.autoconfigure.web.servlet.WebMvcTestContextBootstrapper - Skipping candidate TestExecutionListener [org.springframework.test.context.jdbc.SqlScriptsTestExecutionListener] due to a missing dependency. Specify custom listener classes or make the default listener classes and their required dependencies available. Offending class: [org/springframework/transaction/interceptor/TransactionAttribute]
00:24:31.268 [Test worker] INFO org.springframework.boot.test.autoconfigure.web.servlet.WebMvcTestContextBootstrapper - Using TestExecutionListeners: [org.springframework.test.context.web.ServletTestExecutionListener@26be6ca7, org.springframework.test.context.support.DirtiesContextBeforeModesTestExecutionListener@6ea1bcdc, org.springframework.test.context.event.ApplicationEventsTestExecutionListener@759fad4, org.springframework.boot.test.mock.mockito.MockitoTestExecutionListener@64712be, org.springframework.boot.test.autoconfigure.SpringBootDependencyInjectionTestExecutionListener@53499d85, org.springframework.test.context.support.DirtiesContextTestExecutionListener@30ed9c6c, org.springframework.test.context.event.EventPublishingTestExecutionListener@782a4fff, org.springframework.boot.test.autoconfigure.restdocs.RestDocsTestExecutionListener@46c670a6, org.springframework.boot.test.autoconfigure.web.client.MockRestServiceServerResetTestExecutionListener@59fc684e, org.springframework.boot.test.autoconfigure.web.servlet.MockMvcPrintOnlyOnFailureTestExecutionListener@5ae81e1, org.springframework.boot.test.autoconfigure.web.servlet.WebDriverTestExecutionListener@2fd1731c, org.springframework.boot.test.autoconfigure.webservices.client.MockWebServiceServerTestExecutionListener@5ae76500, org.springframework.boot.test.mock.mockito.ResetMocksTestExecutionListener@6063d80a]
00:24:31.275 [Test worker] DEBUG org.springframework.test.context.support.AbstractDirtiesContextTestExecutionListener - Before test class: context [DefaultTestContext@5e77f0f4 testClass = CalculatorApiControllerTest, testInstance = [null], testMethod = [null], testException = [null], mergedContextConfiguration = [WebMergedContextConfiguration@19b30c92 testClass = CalculatorApiControllerTest, locations = '{}', classes = '{class com.example.testcode.TestCodeApplication}', contextInitializerClasses = '[]', activeProfiles = '{}', propertySourceLocations = '{}', propertySourceProperties = '{org.springframework.boot.test.autoconfigure.web.servlet.WebMvcTestContextBootstrapper=true}', contextCustomizers = set[org.springframework.boot.test.autoconfigure.OverrideAutoConfigurationContextCustomizerFactory$DisableAutoConfigurationContextCustomizer@37b70343, org.springframework.boot.test.autoconfigure.actuate.metrics.MetricsExportContextCustomizerFactory$DisableMetricExportContextCustomizer@354fc8f0, org.springframework.boot.test.autoconfigure.filter.TypeExcludeFiltersContextCustomizer@4a8bd0dd, org.springframework.boot.test.autoconfigure.properties.PropertyMappingContextCustomizer@d00e4b9f, org.springframework.boot.test.autoconfigure.web.servlet.WebDriverContextCustomizerFactory$Customizer@1bb1fde8, [ImportsContextCustomizer@455351c4 key = [org.springframework.boot.autoconfigure.cache.CacheAutoConfiguration, org.springframework.boot.autoconfigure.context.MessageSourceAutoConfiguration, org.springframework.boot.autoconfigure.data.web.SpringDataWebAutoConfiguration, org.springframework.boot.autoconfigure.freemarker.FreeMarkerAutoConfiguration, org.springframework.boot.autoconfigure.groovy.template.GroovyTemplateAutoConfiguration, org.springframework.boot.autoconfigure.gson.GsonAutoConfiguration, org.springframework.boot.autoconfigure.hateoas.HypermediaAutoConfiguration, org.springframework.boot.autoconfigure.http.HttpMessageConvertersAutoConfiguration, org.springframework.boot.autoconfigure.jackson.JacksonAutoConfiguration, org.springframework.boot.autoconfigure.jsonb.JsonbAutoConfiguration, org.springframework.boot.autoconfigure.mustache.MustacheAutoConfiguration, org.springframework.boot.autoconfigure.task.TaskExecutionAutoConfiguration, org.springframework.boot.autoconfigure.thymeleaf.ThymeleafAutoConfiguration, org.springframework.boot.autoconfigure.validation.ValidationAutoConfiguration, org.springframework.boot.autoconfigure.web.servlet.error.ErrorMvcAutoConfiguration, org.springframework.boot.autoconfigure.web.servlet.HttpEncodingAutoConfiguration, org.springframework.boot.autoconfigure.web.servlet.WebMvcAutoConfiguration, org.springframework.boot.test.autoconfigure.web.servlet.MockMvcAutoConfiguration, org.springframework.boot.test.autoconfigure.web.servlet.MockMvcWebClientAutoConfiguration, org.springframework.boot.test.autoconfigure.web.servlet.MockMvcWebDriverAutoConfiguration, org.springframework.boot.autoconfigure.security.oauth2.client.servlet.OAuth2ClientAutoConfiguration, org.springframework.boot.autoconfigure.security.oauth2.resource.servlet.OAuth2ResourceServerAutoConfiguration, org.springframework.boot.autoconfigure.security.servlet.SecurityAutoConfiguration, org.springframework.boot.autoconfigure.security.servlet.SecurityFilterAutoConfiguration, org.springframework.boot.autoconfigure.security.servlet.UserDetailsServiceAutoConfiguration, org.springframework.boot.test.autoconfigure.web.servlet.MockMvcSecurityConfiguration, org.springframework.boot.test.autoconfigure.web.reactive.WebTestClientAutoConfiguration, com.example.testcode.component.Calculator, com.example.testcode.component.DollarCalculator]], org.springframework.boot.test.context.filter.ExcludeFilterContextCustomizer@5b080f3a, org.springframework.boot.test.json.DuplicateJsonObjectContextCustomizerFactory$DuplicateJsonObjectContextCustomizer@665e9289, org.springframework.boot.test.mock.mockito.MockitoContextCustomizer@d7467a0b, org.springframework.boot.test.context.SpringBootTestArgs@1, org.springframework.boot.test.context.SpringBootTestWebEnvironment@0], resourceBasePath = 'src/main/webapp', contextLoader = 'org.springframework.boot.test.context.SpringBootContextLoader', parent = [null]], attributes = map[[empty]]], class annotated with @DirtiesContext [false] with mode [null].

  .   ____          _            __ _ _
 /\\ / ___'_ __ _ _(_)_ __  __ _ \ \ \ \
( ( )\___ | '_ | '_| | '_ \/ _` | \ \ \ \
 \\/  ___)| |_)| | | | | || (_| |  ) ) ) )
  '  |____| .__|_| |_|_| |_\__, | / / / /
 =========|_|==============|___/=/_/_/_/
 :: Spring Boot ::                (v2.6.7)

2022-05-18 00:24:32.374  INFO 16557 --- [    Test worker] c.e.t.c.CalculatorApiControllerTest      : Starting CalculatorApiControllerTest using Java 11.0.14 on sinjeong-eun-ui-MacBookPro.local with PID 16557 (started by jeunning in /Users/jeunning/IdeaProjects/testCode)
2022-05-18 00:24:32.378  INFO 16557 --- [    Test worker] c.e.t.c.CalculatorApiControllerTest      : No active profile set, falling back to 1 default profile: "default"
2022-05-18 00:24:35.762  INFO 16557 --- [    Test worker] o.s.b.t.m.w.SpringBootMockServletContext : Initializing Spring TestDispatcherServlet ''
2022-05-18 00:24:35.763  INFO 16557 --- [    Test worker] o.s.t.web.servlet.TestDispatcherServlet  : Initializing Servlet ''
2022-05-18 00:24:35.769  INFO 16557 --- [    Test worker] o.s.t.web.servlet.TestDispatcherServlet  : Completed initialization in 6 ms
2022-05-18 00:24:35.848  INFO 16557 --- [    Test worker] c.e.t.c.CalculatorApiControllerTest      : Started CalculatorApiControllerTest in 4.466 seconds (JVM running for 7.1)

MockHttpServletRequest:
      HTTP Method = POST
      Request URI = /api/minus
       Parameters = {}
          Headers = [Content-Type:"application/json;charset=UTF-8", Content-Length:"15"]
             Body = {"x":10,"y":10}
    Session Attrs = {}

Handler:
             Type = com.example.testcode.controller.CalculatorApiController
           Method = com.example.testcode.controller.CalculatorApiController#minus(Req)

Async:
    Async started = false
     Async result = null

Resolved Exception:
             Type = null

ModelAndView:
        View name = null
             View = null
            Model = null

FlashMap:
       Attributes = null

MockHttpServletResponse:
           Status = 200
    Error message = null
          Headers = [Content-Type:"application/json"]
     Content type = application/json
             Body = {"result":0,"response":{"resultCode":"ok"}}
    Forwarded URL = null
   Redirected URL = null
          Cookies = []
]]></system-out>
  <system-err><![CDATA[]]></system-err>
</testsuite>
