<?xml version="1.0" encoding="UTF-8"?>
<testsuite name="com.jpa.bookmanager.repository.BookReviewInfoRepositoryTest" tests="1" skipped="0" failures="0" errors="0" timestamp="2022-06-10T16:13:45" hostname="sinjeong-eun-ui-MacBookPro.local" time="0.462">
  <properties/>
  <testcase name="crud2()" classname="com.jpa.bookmanager.repository.BookReviewInfoRepositoryTest" time="0.462"/>
  <system-out><![CDATA[01:13:38.009 [Test worker] DEBUG org.springframework.test.context.BootstrapUtils - Instantiating CacheAwareContextLoaderDelegate from class [org.springframework.test.context.cache.DefaultCacheAwareContextLoaderDelegate]
01:13:38.015 [Test worker] DEBUG org.springframework.test.context.BootstrapUtils - Instantiating BootstrapContext using constructor [public org.springframework.test.context.support.DefaultBootstrapContext(java.lang.Class,org.springframework.test.context.CacheAwareContextLoaderDelegate)]
01:13:38.118 [Test worker] DEBUG org.springframework.test.context.BootstrapUtils - Instantiating TestContextBootstrapper for test class [com.jpa.bookmanager.repository.BookReviewInfoRepositoryTest] from class [org.springframework.boot.test.context.SpringBootTestContextBootstrapper]
01:13:38.130 [Test worker] INFO org.springframework.boot.test.context.SpringBootTestContextBootstrapper - Neither @ContextConfiguration nor @ContextHierarchy found for test class [com.jpa.bookmanager.repository.BookReviewInfoRepositoryTest], using SpringBootContextLoader
01:13:38.136 [Test worker] DEBUG org.springframework.test.context.support.AbstractContextLoader - Did not detect default resource location for test class [com.jpa.bookmanager.repository.BookReviewInfoRepositoryTest]: class path resource [com/jpa/bookmanager/repository/BookReviewInfoRepositoryTest-context.xml] does not exist
01:13:38.137 [Test worker] DEBUG org.springframework.test.context.support.AbstractContextLoader - Did not detect default resource location for test class [com.jpa.bookmanager.repository.BookReviewInfoRepositoryTest]: class path resource [com/jpa/bookmanager/repository/BookReviewInfoRepositoryTestContext.groovy] does not exist
01:13:38.138 [Test worker] INFO org.springframework.test.context.support.AbstractContextLoader - Could not detect default resource locations for test class [com.jpa.bookmanager.repository.BookReviewInfoRepositoryTest]: no resource found for suffixes {-context.xml, Context.groovy}.
01:13:38.139 [Test worker] INFO org.springframework.test.context.support.AnnotationConfigContextLoaderUtils - Could not detect default configuration classes for test class [com.jpa.bookmanager.repository.BookReviewInfoRepositoryTest]: BookReviewInfoRepositoryTest does not declare any static, non-private, non-final, nested classes annotated with @Configuration.
01:13:38.239 [Test worker] DEBUG org.springframework.test.context.support.ActiveProfilesUtils - Could not find an 'annotation declaring class' for annotation type [org.springframework.test.context.ActiveProfiles] and class [com.jpa.bookmanager.repository.BookReviewInfoRepositoryTest]
01:13:38.317 [Test worker] DEBUG org.springframework.context.annotation.ClassPathScanningCandidateComponentProvider - Identified candidate component class: file [/Users/jeunning/IdeaProjects/bookmanager/build/classes/java/main/com/jpa/bookmanager/BookmanagerApplication.class]
01:13:38.322 [Test worker] INFO org.springframework.boot.test.context.SpringBootTestContextBootstrapper - Found @SpringBootConfiguration com.jpa.bookmanager.BookmanagerApplication for test class com.jpa.bookmanager.repository.BookReviewInfoRepositoryTest
01:13:38.428 [Test worker] DEBUG org.springframework.boot.test.context.SpringBootTestContextBootstrapper - @TestExecutionListeners is not present for class [com.jpa.bookmanager.repository.BookReviewInfoRepositoryTest]: using defaults.
01:13:38.428 [Test worker] INFO org.springframework.boot.test.context.SpringBootTestContextBootstrapper - Loaded default TestExecutionListener class names from location [META-INF/spring.factories]: [org.springframework.boot.test.autoconfigure.restdocs.RestDocsTestExecutionListener, org.springframework.boot.test.autoconfigure.web.client.MockRestServiceServerResetTestExecutionListener, org.springframework.boot.test.autoconfigure.web.servlet.MockMvcPrintOnlyOnFailureTestExecutionListener, org.springframework.boot.test.autoconfigure.web.servlet.WebDriverTestExecutionListener, org.springframework.boot.test.autoconfigure.webservices.client.MockWebServiceServerTestExecutionListener, org.springframework.boot.test.mock.mockito.MockitoTestExecutionListener, org.springframework.boot.test.mock.mockito.ResetMocksTestExecutionListener, org.springframework.test.context.web.ServletTestExecutionListener, org.springframework.test.context.support.DirtiesContextBeforeModesTestExecutionListener, org.springframework.test.context.event.ApplicationEventsTestExecutionListener, org.springframework.test.context.support.DependencyInjectionTestExecutionListener, org.springframework.test.context.support.DirtiesContextTestExecutionListener, org.springframework.test.context.transaction.TransactionalTestExecutionListener, org.springframework.test.context.jdbc.SqlScriptsTestExecutionListener, org.springframework.test.context.event.EventPublishingTestExecutionListener]
01:13:38.482 [Test worker] INFO org.springframework.boot.test.context.SpringBootTestContextBootstrapper - Using TestExecutionListeners: [org.springframework.test.context.web.ServletTestExecutionListener@69c43e48, org.springframework.test.context.support.DirtiesContextBeforeModesTestExecutionListener@1804f60d, org.springframework.test.context.event.ApplicationEventsTestExecutionListener@3a80515c, org.springframework.boot.test.mock.mockito.MockitoTestExecutionListener@547e29a4, org.springframework.boot.test.autoconfigure.SpringBootDependencyInjectionTestExecutionListener@1c807b1d, org.springframework.test.context.support.DirtiesContextTestExecutionListener@238b521e, org.springframework.test.context.transaction.TransactionalTestExecutionListener@1b39fd82, org.springframework.test.context.jdbc.SqlScriptsTestExecutionListener@3e2fc448, org.springframework.test.context.event.EventPublishingTestExecutionListener@21680803, org.springframework.boot.test.autoconfigure.restdocs.RestDocsTestExecutionListener@588ab592, org.springframework.boot.test.autoconfigure.web.client.MockRestServiceServerResetTestExecutionListener@c8b96ec, org.springframework.boot.test.autoconfigure.web.servlet.MockMvcPrintOnlyOnFailureTestExecutionListener@4cc61eb1, org.springframework.boot.test.autoconfigure.web.servlet.WebDriverTestExecutionListener@2d8f2f3a, org.springframework.boot.test.autoconfigure.webservices.client.MockWebServiceServerTestExecutionListener@2024293c, org.springframework.boot.test.mock.mockito.ResetMocksTestExecutionListener@7048f722]
01:13:38.488 [Test worker] DEBUG org.springframework.test.context.support.AbstractDirtiesContextTestExecutionListener - Before test class: context [DefaultTestContext@51c929ae testClass = BookReviewInfoRepositoryTest, testInstance = [null], testMethod = [null], testException = [null], mergedContextConfiguration = [WebMergedContextConfiguration@3c8bdd5b testClass = BookReviewInfoRepositoryTest, locations = '{}', classes = '{class com.jpa.bookmanager.BookmanagerApplication}', contextInitializerClasses = '[]', activeProfiles = '{}', propertySourceLocations = '{}', propertySourceProperties = '{org.springframework.boot.test.context.SpringBootTestContextBootstrapper=true}', contextCustomizers = set[org.springframework.boot.test.autoconfigure.actuate.metrics.MetricsExportContextCustomizerFactory$DisableMetricExportContextCustomizer@2a8d39c4, org.springframework.boot.test.autoconfigure.properties.PropertyMappingContextCustomizer@0, org.springframework.boot.test.autoconfigure.web.servlet.WebDriverContextCustomizerFactory$Customizer@1698fc68, org.springframework.boot.test.context.filter.ExcludeFilterContextCustomizer@57eda880, org.springframework.boot.test.json.DuplicateJsonObjectContextCustomizerFactory$DuplicateJsonObjectContextCustomizer@7c209437, org.springframework.boot.test.mock.mockito.MockitoContextCustomizer@0, org.springframework.boot.test.web.client.TestRestTemplateContextCustomizer@1f2f9244, org.springframework.boot.test.context.SpringBootTestArgs@1, org.springframework.boot.test.context.SpringBootTestWebEnvironment@15d49048], resourceBasePath = 'src/main/webapp', contextLoader = 'org.springframework.boot.test.context.SpringBootContextLoader', parent = [null]], attributes = map['org.springframework.test.context.web.ServletTestExecutionListener.activateListener' -> true]], class annotated with @DirtiesContext [false] with mode [null].

  .   ____          _            __ _ _
 /\\ / ___'_ __ _ _(_)_ __  __ _ \ \ \ \
( ( )\___ | '_ | '_| | '_ \/ _` | \ \ \ \
 \\/  ___)| |_)| | | | | || (_| |  ) ) ) )
  '  |____| .__|_| |_|_| |_\__, | / / / /
 =========|_|==============|___/=/_/_/_/
 :: Spring Boot ::                (v2.7.0)

2022-06-11 01:13:39.230  INFO 8439 --- [    Test worker] c.j.b.r.BookReviewInfoRepositoryTest     : Starting BookReviewInfoRepositoryTest using Java 11.0.14 on sinjeong-eun-ui-MacBookPro.local with PID 8439 (started by jeunning in /Users/jeunning/IdeaProjects/bookmanager)
2022-06-11 01:13:39.238  INFO 8439 --- [    Test worker] c.j.b.r.BookReviewInfoRepositoryTest     : No active profile set, falling back to 1 default profile: "default"
2022-06-11 01:13:40.388  INFO 8439 --- [    Test worker] .s.d.r.c.RepositoryConfigurationDelegate : Bootstrapping Spring Data JPA repositories in DEFAULT mode.
2022-06-11 01:13:40.469  INFO 8439 --- [    Test worker] .s.d.r.c.RepositoryConfigurationDelegate : Finished Spring Data repository scanning in 74 ms. Found 4 JPA repository interfaces.
2022-06-11 01:13:41.457  INFO 8439 --- [    Test worker] com.zaxxer.hikari.HikariDataSource       : HikariPool-1 - Starting...
2022-06-11 01:13:41.661  INFO 8439 --- [    Test worker] com.zaxxer.hikari.HikariDataSource       : HikariPool-1 - Start completed.
2022-06-11 01:13:41.802  INFO 8439 --- [    Test worker] o.hibernate.jpa.internal.util.LogHelper  : HHH000204: Processing PersistenceUnitInfo [name: default]
2022-06-11 01:13:41.852  INFO 8439 --- [    Test worker] org.hibernate.Version                    : HHH000412: Hibernate ORM core version 5.6.9.Final
2022-06-11 01:13:42.027  INFO 8439 --- [    Test worker] o.hibernate.annotations.common.Version   : HCANN000001: Hibernate Commons Annotations {5.1.2.Final}
2022-06-11 01:13:42.143  INFO 8439 --- [    Test worker] org.hibernate.dialect.Dialect            : HHH000400: Using dialect: org.hibernate.dialect.H2Dialect
Hibernate: 
    
    drop table if exists book CASCADE 
Hibernate: 
    
    drop table if exists book_review_info CASCADE 
Hibernate: 
    
    drop table if exists my_user CASCADE 
Hibernate: 
    
    drop table if exists user_history CASCADE 
Hibernate: 
    
    create table book (
       id bigint generated by default as identity,
        create_at timestamp,
        update_at timestamp,
        author_id bigint,
        category varchar(255),
        name varchar(255),
        publisher_id bigint,
        primary key (id)
    )
Hibernate: 
    
    create table book_review_info (
       id bigint generated by default as identity,
        create_at timestamp,
        update_at timestamp,
        average_review_score float not null,
        review_count integer not null,
        book_id bigint not null,
        primary key (id)
    )
Hibernate: 
    
    create table my_user (
       id bigint generated by default as identity,
        create_at timestamp,
        update_at timestamp,
        email varchar(255),
        name varchar(255),
        primary key (id)
    )
Hibernate: 
    
    create table user_history (
       id bigint generated by default as identity,
        create_at timestamp,
        update_at timestamp,
        email varchar(255),
        name varchar(255),
        user_id bigint,
        primary key (id)
    )
Hibernate: 
    
    alter table book_review_info 
       add constraint UK_l3sai9mhbl4cd12t2rwdwe0ee unique (book_id)
Hibernate: create index IDX9dn7n3we4p3df9l5vvdggacv7 on my_user (name)
Hibernate: 
    
    alter table my_user 
       add constraint UKoojv0tfv8mcxgq60bbibie6cm unique (email)
Hibernate: 
    
    alter table book_review_info 
       add constraint FKp5fhkokpbtoxmc3mxo8ay9e5l 
       foreign key (book_id) 
       references book
2022-06-11 01:13:42.995  INFO 8439 --- [    Test worker] o.h.e.t.j.p.i.JtaPlatformInitiator       : HHH000490: Using JtaPlatform implementation: [org.hibernate.engine.transaction.jta.platform.internal.NoJtaPlatform]
2022-06-11 01:13:43.003  INFO 8439 --- [    Test worker] j.LocalContainerEntityManagerFactoryBean : Initialized JPA EntityManagerFactory for persistence unit 'default'
2022-06-11 01:13:43.564  WARN 8439 --- [    Test worker] JpaBaseConfiguration$JpaWebConfiguration : spring.jpa.open-in-view is enabled by default. Therefore, database queries may be performed during view rendering. Explicitly configure spring.jpa.open-in-view to disable this warning
2022-06-11 01:13:43.949  INFO 8439 --- [    Test worker] o.s.b.a.h2.H2ConsoleAutoConfiguration    : H2 console available at '/h2-console'. Database available at 'jdbc:h2:mem:testdb'
2022-06-11 01:13:44.977  INFO 8439 --- [    Test worker] c.j.b.r.BookReviewInfoRepositoryTest     : Started BookReviewInfoRepositoryTest in 6.434 seconds (JVM running for 8.218)
Hibernate: 
    insert 
    into
        book
        (id, create_at, update_at, author_id, category, name, publisher_id) 
    values
        (default, ?, ?, ?, ?, ?, ?)
Hibernate: 
    insert 
    into
        book
        (id, create_at, update_at, author_id, category, name, publisher_id) 
    values
        (default, ?, ?, ?, ?, ?, ?)
Hibernate: 
    insert 
    into
        book_review_info
        (id, create_at, update_at, average_review_score, book_id, review_count) 
    values
        (default, ?, ?, ?, ?, ?)
Hibernate: 
    select
        bookreview0_.id as id1_1_,
        bookreview0_.create_at as create_a2_1_,
        bookreview0_.update_at as update_a3_1_,
        bookreview0_.average_review_score as average_4_1_,
        bookreview0_.book_id as book_id6_1_,
        bookreview0_.review_count as review_c5_1_ 
    from
        book_review_info bookreview0_
Hibernate: 
    select
        book0_.id as id1_0_0_,
        book0_.create_at as create_a2_0_0_,
        book0_.update_at as update_a3_0_0_,
        book0_.author_id as author_i4_0_0_,
        book0_.category as category5_0_0_,
        book0_.name as name6_0_0_,
        book0_.publisher_id as publishe7_0_0_,
        bookreview1_.id as id1_1_1_,
        bookreview1_.create_at as create_a2_1_1_,
        bookreview1_.update_at as update_a3_1_1_,
        bookreview1_.average_review_score as average_4_1_1_,
        bookreview1_.book_id as book_id6_1_1_,
        bookreview1_.review_count as review_c5_1_1_ 
    from
        book book0_ 
    left outer join
        book_review_info bookreview1_ 
            on book0_.id=bookreview1_.book_id 
    where
        book0_.id=?
Hibernate: 
    select
        bookreview0_.id as id1_1_1_,
        bookreview0_.create_at as create_a2_1_1_,
        bookreview0_.update_at as update_a3_1_1_,
        bookreview0_.average_review_score as average_4_1_1_,
        bookreview0_.book_id as book_id6_1_1_,
        bookreview0_.review_count as review_c5_1_1_,
        book1_.id as id1_0_0_,
        book1_.create_at as create_a2_0_0_,
        book1_.update_at as update_a3_0_0_,
        book1_.author_id as author_i4_0_0_,
        book1_.category as category5_0_0_,
        book1_.name as name6_0_0_,
        book1_.publisher_id as publishe7_0_0_ 
    from
        book_review_info bookreview0_ 
    inner join
        book book1_ 
            on bookreview0_.book_id=book1_.id 
    where
        bookreview0_.book_id=?
[BookReviewInfo(super=BaseEntity(createAt=2022-06-11T01:13:45.300638, updateAt=2022-06-11T01:13:45.300638), id=1, book=Book(super=BaseEntity(createAt=2022-06-11T01:13:45.292130, updateAt=2022-06-11T01:13:45.292130), id=2, name=jpa22, category=null, authorId=1, publisherId=1), averageReviewScore=4.5, reviewCount=2)]
Hibernate: 
    select
        bookreview0_.id as id1_1_0_,
        bookreview0_.create_at as create_a2_1_0_,
        bookreview0_.update_at as update_a3_1_0_,
        bookreview0_.average_review_score as average_4_1_0_,
        bookreview0_.book_id as book_id6_1_0_,
        bookreview0_.review_count as review_c5_1_0_,
        book1_.id as id1_0_1_,
        book1_.create_at as create_a2_0_1_,
        book1_.update_at as update_a3_0_1_,
        book1_.author_id as author_i4_0_1_,
        book1_.category as category5_0_1_,
        book1_.name as name6_0_1_,
        book1_.publisher_id as publishe7_0_1_ 
    from
        book_review_info bookreview0_ 
    inner join
        book book1_ 
            on bookreview0_.book_id=book1_.id 
    where
        bookreview0_.id=?
Hibernate: 
    select
        book0_.id as id1_0_0_,
        book0_.create_at as create_a2_0_0_,
        book0_.update_at as update_a3_0_0_,
        book0_.author_id as author_i4_0_0_,
        book0_.category as category5_0_0_,
        book0_.name as name6_0_0_,
        book0_.publisher_id as publishe7_0_0_,
        bookreview1_.id as id1_1_1_,
        bookreview1_.create_at as create_a2_1_1_,
        bookreview1_.update_at as update_a3_1_1_,
        bookreview1_.average_review_score as average_4_1_1_,
        bookreview1_.book_id as book_id6_1_1_,
        bookreview1_.review_count as review_c5_1_1_ 
    from
        book book0_ 
    left outer join
        book_review_info bookreview1_ 
            on book0_.id=bookreview1_.book_id 
    where
        book0_.id=?
null
]]></system-out>
  <system-err><![CDATA[]]></system-err>
</testsuite>
