<?xml version="1.0" encoding="UTF-8"?>
<testsuite name="com.jpa.bookmanager.repository.UserHistoryRepositoryTest" tests="1" skipped="0" failures="0" errors="0" timestamp="2022-06-09T16:08:52" hostname="sinjeong-eun-ui-MacBookPro.local" time="0.801">
  <properties/>
  <testcase name="userHistoryTest()" classname="com.jpa.bookmanager.repository.UserHistoryRepositoryTest" time="0.801"/>
  <system-out><![CDATA[01:08:41.329 [Test worker] DEBUG org.springframework.test.context.BootstrapUtils - Instantiating CacheAwareContextLoaderDelegate from class [org.springframework.test.context.cache.DefaultCacheAwareContextLoaderDelegate]
01:08:41.408 [Test worker] DEBUG org.springframework.test.context.BootstrapUtils - Instantiating BootstrapContext using constructor [public org.springframework.test.context.support.DefaultBootstrapContext(java.lang.Class,org.springframework.test.context.CacheAwareContextLoaderDelegate)]
01:08:41.493 [Test worker] DEBUG org.springframework.test.context.BootstrapUtils - Instantiating TestContextBootstrapper for test class [com.jpa.bookmanager.repository.UserHistoryRepositoryTest] from class [org.springframework.boot.test.context.SpringBootTestContextBootstrapper]
01:08:41.510 [Test worker] INFO org.springframework.boot.test.context.SpringBootTestContextBootstrapper - Neither @ContextConfiguration nor @ContextHierarchy found for test class [com.jpa.bookmanager.repository.UserHistoryRepositoryTest], using SpringBootContextLoader
01:08:41.518 [Test worker] DEBUG org.springframework.test.context.support.AbstractContextLoader - Did not detect default resource location for test class [com.jpa.bookmanager.repository.UserHistoryRepositoryTest]: class path resource [com/jpa/bookmanager/repository/UserHistoryRepositoryTest-context.xml] does not exist
01:08:41.519 [Test worker] DEBUG org.springframework.test.context.support.AbstractContextLoader - Did not detect default resource location for test class [com.jpa.bookmanager.repository.UserHistoryRepositoryTest]: class path resource [com/jpa/bookmanager/repository/UserHistoryRepositoryTestContext.groovy] does not exist
01:08:41.519 [Test worker] INFO org.springframework.test.context.support.AbstractContextLoader - Could not detect default resource locations for test class [com.jpa.bookmanager.repository.UserHistoryRepositoryTest]: no resource found for suffixes {-context.xml, Context.groovy}.
01:08:41.520 [Test worker] INFO org.springframework.test.context.support.AnnotationConfigContextLoaderUtils - Could not detect default configuration classes for test class [com.jpa.bookmanager.repository.UserHistoryRepositoryTest]: UserHistoryRepositoryTest does not declare any static, non-private, non-final, nested classes annotated with @Configuration.
01:08:41.614 [Test worker] DEBUG org.springframework.test.context.support.ActiveProfilesUtils - Could not find an 'annotation declaring class' for annotation type [org.springframework.test.context.ActiveProfiles] and class [com.jpa.bookmanager.repository.UserHistoryRepositoryTest]
01:08:41.741 [Test worker] DEBUG org.springframework.context.annotation.ClassPathScanningCandidateComponentProvider - Identified candidate component class: file [/Users/jeunning/IdeaProjects/bookmanager/build/classes/java/main/com/jpa/bookmanager/BookmanagerApplication.class]
01:08:41.744 [Test worker] INFO org.springframework.boot.test.context.SpringBootTestContextBootstrapper - Found @SpringBootConfiguration com.jpa.bookmanager.BookmanagerApplication for test class com.jpa.bookmanager.repository.UserHistoryRepositoryTest
01:08:41.909 [Test worker] DEBUG org.springframework.boot.test.context.SpringBootTestContextBootstrapper - @TestExecutionListeners is not present for class [com.jpa.bookmanager.repository.UserHistoryRepositoryTest]: using defaults.
01:08:41.910 [Test worker] INFO org.springframework.boot.test.context.SpringBootTestContextBootstrapper - Loaded default TestExecutionListener class names from location [META-INF/spring.factories]: [org.springframework.boot.test.autoconfigure.restdocs.RestDocsTestExecutionListener, org.springframework.boot.test.autoconfigure.web.client.MockRestServiceServerResetTestExecutionListener, org.springframework.boot.test.autoconfigure.web.servlet.MockMvcPrintOnlyOnFailureTestExecutionListener, org.springframework.boot.test.autoconfigure.web.servlet.WebDriverTestExecutionListener, org.springframework.boot.test.autoconfigure.webservices.client.MockWebServiceServerTestExecutionListener, org.springframework.boot.test.mock.mockito.MockitoTestExecutionListener, org.springframework.boot.test.mock.mockito.ResetMocksTestExecutionListener, org.springframework.test.context.web.ServletTestExecutionListener, org.springframework.test.context.support.DirtiesContextBeforeModesTestExecutionListener, org.springframework.test.context.event.ApplicationEventsTestExecutionListener, org.springframework.test.context.support.DependencyInjectionTestExecutionListener, org.springframework.test.context.support.DirtiesContextTestExecutionListener, org.springframework.test.context.transaction.TransactionalTestExecutionListener, org.springframework.test.context.jdbc.SqlScriptsTestExecutionListener, org.springframework.test.context.event.EventPublishingTestExecutionListener]
01:08:41.933 [Test worker] INFO org.springframework.boot.test.context.SpringBootTestContextBootstrapper - Using TestExecutionListeners: [org.springframework.test.context.web.ServletTestExecutionListener@5be82d43, org.springframework.test.context.support.DirtiesContextBeforeModesTestExecutionListener@600b0b7, org.springframework.test.context.event.ApplicationEventsTestExecutionListener@345e5a17, org.springframework.boot.test.mock.mockito.MockitoTestExecutionListener@5ea502e0, org.springframework.boot.test.autoconfigure.SpringBootDependencyInjectionTestExecutionListener@443dbe42, org.springframework.test.context.support.DirtiesContextTestExecutionListener@473b3b7a, org.springframework.test.context.transaction.TransactionalTestExecutionListener@1734f68, org.springframework.test.context.jdbc.SqlScriptsTestExecutionListener@77b7ffa4, org.springframework.test.context.event.EventPublishingTestExecutionListener@5ed190be, org.springframework.boot.test.autoconfigure.restdocs.RestDocsTestExecutionListener@402f80f5, org.springframework.boot.test.autoconfigure.web.client.MockRestServiceServerResetTestExecutionListener@5bbc9f97, org.springframework.boot.test.autoconfigure.web.servlet.MockMvcPrintOnlyOnFailureTestExecutionListener@133e019b, org.springframework.boot.test.autoconfigure.web.servlet.WebDriverTestExecutionListener@41382722, org.springframework.boot.test.autoconfigure.webservices.client.MockWebServiceServerTestExecutionListener@7dac3fd8, org.springframework.boot.test.mock.mockito.ResetMocksTestExecutionListener@425357dd]
01:08:41.939 [Test worker] DEBUG org.springframework.test.context.support.AbstractDirtiesContextTestExecutionListener - Before test class: context [DefaultTestContext@2a551a63 testClass = UserHistoryRepositoryTest, testInstance = [null], testMethod = [null], testException = [null], mergedContextConfiguration = [WebMergedContextConfiguration@1a6f5124 testClass = UserHistoryRepositoryTest, locations = '{}', classes = '{class com.jpa.bookmanager.BookmanagerApplication}', contextInitializerClasses = '[]', activeProfiles = '{}', propertySourceLocations = '{}', propertySourceProperties = '{org.springframework.boot.test.context.SpringBootTestContextBootstrapper=true}', contextCustomizers = set[org.springframework.boot.test.autoconfigure.actuate.metrics.MetricsExportContextCustomizerFactory$DisableMetricExportContextCustomizer@62f68dff, org.springframework.boot.test.autoconfigure.properties.PropertyMappingContextCustomizer@0, org.springframework.boot.test.autoconfigure.web.servlet.WebDriverContextCustomizerFactory$Customizer@7c541c15, org.springframework.boot.test.context.filter.ExcludeFilterContextCustomizer@3b2c0e88, org.springframework.boot.test.json.DuplicateJsonObjectContextCustomizerFactory$DuplicateJsonObjectContextCustomizer@655f7ea, org.springframework.boot.test.mock.mockito.MockitoContextCustomizer@0, org.springframework.boot.test.web.client.TestRestTemplateContextCustomizer@5e81e5ac, org.springframework.boot.test.context.SpringBootTestArgs@1, org.springframework.boot.test.context.SpringBootTestWebEnvironment@4470fbd6], resourceBasePath = 'src/main/webapp', contextLoader = 'org.springframework.boot.test.context.SpringBootContextLoader', parent = [null]], attributes = map['org.springframework.test.context.web.ServletTestExecutionListener.activateListener' -> true]], class annotated with @DirtiesContext [false] with mode [null].

  .   ____          _            __ _ _
 /\\ / ___'_ __ _ _(_)_ __  __ _ \ \ \ \
( ( )\___ | '_ | '_| | '_ \/ _` | \ \ \ \
 \\/  ___)| |_)| | | | | || (_| |  ) ) ) )
  '  |____| .__|_| |_|_| |_\__, | / / / /
 =========|_|==============|___/=/_/_/_/
 :: Spring Boot ::                (v2.7.0)

2022-06-10 01:08:43.109  INFO 7187 --- [    Test worker] c.j.b.r.UserHistoryRepositoryTest        : Starting UserHistoryRepositoryTest using Java 11.0.14 on sinjeong-eun-ui-MacBookPro.local with PID 7187 (started by jeunning in /Users/jeunning/IdeaProjects/bookmanager)
2022-06-10 01:08:43.113  INFO 7187 --- [    Test worker] c.j.b.r.UserHistoryRepositoryTest        : No active profile set, falling back to 1 default profile: "default"
2022-06-10 01:08:44.803  INFO 7187 --- [    Test worker] .s.d.r.c.RepositoryConfigurationDelegate : Bootstrapping Spring Data JPA repositories in DEFAULT mode.
2022-06-10 01:08:44.918  INFO 7187 --- [    Test worker] .s.d.r.c.RepositoryConfigurationDelegate : Finished Spring Data repository scanning in 106 ms. Found 3 JPA repository interfaces.
2022-06-10 01:08:46.324  INFO 7187 --- [    Test worker] com.zaxxer.hikari.HikariDataSource       : HikariPool-1 - Starting...
2022-06-10 01:08:46.630  INFO 7187 --- [    Test worker] com.zaxxer.hikari.HikariDataSource       : HikariPool-1 - Start completed.
2022-06-10 01:08:46.844  INFO 7187 --- [    Test worker] o.hibernate.jpa.internal.util.LogHelper  : HHH000204: Processing PersistenceUnitInfo [name: default]
2022-06-10 01:08:46.920  INFO 7187 --- [    Test worker] org.hibernate.Version                    : HHH000412: Hibernate ORM core version 5.6.9.Final
2022-06-10 01:08:47.219  INFO 7187 --- [    Test worker] o.hibernate.annotations.common.Version   : HCANN000001: Hibernate Commons Annotations {5.1.2.Final}
2022-06-10 01:08:47.428  INFO 7187 --- [    Test worker] org.hibernate.dialect.Dialect            : HHH000400: Using dialect: org.hibernate.dialect.H2Dialect
Hibernate: 
    
    drop table if exists book CASCADE 
Hibernate: 
    
    drop table if exists my_user CASCADE 
Hibernate: 
    
    drop table if exists user_history CASCADE 
Hibernate: 
    
    drop sequence if exists hibernate_sequence
Hibernate: create sequence hibernate_sequence start with 1 increment by 1
Hibernate: 
    
    create table book (
       id bigint not null,
        create_at timestamp,
        update_at timestamp,
        author varchar(255),
        name varchar(255),
        primary key (id)
    )
Hibernate: 
    
    create table my_user (
       id bigint not null,
        create_at timestamp,
        update_at timestamp,
        email varchar(255),
        name varchar(255),
        primary key (id)
    )
Hibernate: 
    
    create table user_history (
       id bigint not null,
        create_at timestamp,
        update_at timestamp,
        email varchar(255),
        name varchar(255),
        user_id bigint,
        primary key (id)
    )
Hibernate: create index IDX9dn7n3we4p3df9l5vvdggacv7 on my_user (name)
Hibernate: 
    
    alter table my_user 
       add constraint UKoojv0tfv8mcxgq60bbibie6cm unique (email)
2022-06-10 01:08:48.651  INFO 7187 --- [    Test worker] o.h.e.t.j.p.i.JtaPlatformInitiator       : HHH000490: Using JtaPlatform implementation: [org.hibernate.engine.transaction.jta.platform.internal.NoJtaPlatform]
2022-06-10 01:08:48.662  INFO 7187 --- [    Test worker] j.LocalContainerEntityManagerFactoryBean : Initialized JPA EntityManagerFactory for persistence unit 'default'
2022-06-10 01:08:49.428  WARN 7187 --- [    Test worker] JpaBaseConfiguration$JpaWebConfiguration : spring.jpa.open-in-view is enabled by default. Therefore, database queries may be performed during view rendering. Explicitly configure spring.jpa.open-in-view to disable this warning
2022-06-10 01:08:50.191  INFO 7187 --- [    Test worker] o.s.b.a.h2.H2ConsoleAutoConfiguration    : H2 console available at '/h2-console'. Database available at 'jdbc:h2:mem:testdb'
2022-06-10 01:08:51.918  INFO 7187 --- [    Test worker] c.j.b.r.UserHistoryRepositoryTest        : Started UserHistoryRepositoryTest in 9.907 seconds (JVM running for 12.978)
Hibernate: 
    call next value for hibernate_sequence
Hibernate: 
    call next value for hibernate_sequence
Hibernate: 
    insert 
    into
        user_history
        (create_at, update_at, email, name, user_id, id) 
    values
        (?, ?, ?, ?, ?, ?)
Hibernate: 
    insert 
    into
        my_user
        (create_at, update_at, email, name, id) 
    values
        (?, ?, ?, ?, ?)
Hibernate: 
    select
        user0_.id as id1_1_0_,
        user0_.create_at as create_a2_1_0_,
        user0_.update_at as update_a3_1_0_,
        user0_.email as email4_1_0_,
        user0_.name as name5_1_0_ 
    from
        my_user user0_ 
    where
        user0_.id=?
Hibernate: 
    call next value for hibernate_sequence
Hibernate: 
    insert 
    into
        user_history
        (create_at, update_at, email, name, user_id, id) 
    values
        (?, ?, ?, ?, ?, ?)
Hibernate: 
    update
        my_user 
    set
        create_at=?,
        update_at=?,
        email=?,
        name=? 
    where
        id=?
Hibernate: 
    select
        userhistor0_.id as id1_2_,
        userhistor0_.create_at as create_a2_2_,
        userhistor0_.update_at as update_a3_2_,
        userhistor0_.email as email4_2_,
        userhistor0_.name as name5_2_,
        userhistor0_.user_id as user_id6_2_ 
    from
        user_history userhistor0_
UserHistory(super=BaseEntity(createAt=2022-06-10T01:08:52.464448, updateAt=2022-06-10T01:08:52.464448), id=6, userId=null, name=lisa22, email=lisa22.@gmail.com)
UserHistory(super=BaseEntity(createAt=2022-06-10T01:08:52.600797, updateAt=2022-06-10T01:08:52.600797), id=8, userId=7, name=lisa22-new, email=lisa22.@gmail.com)
]]></system-out>
  <system-err><![CDATA[]]></system-err>
</testsuite>
