<?xml version="1.0" encoding="UTF-8"?>
<testsuite name="com.jpa.bookmanager.repository.UserRepositoryTest" tests="1" skipped="0" failures="0" errors="0" timestamp="2022-05-31T11:08:51" hostname="sinjeong-eun-ui-MacBookPro.local" time="0.551">
  <properties/>
  <testcase name="crud()" classname="com.jpa.bookmanager.repository.UserRepositoryTest" time="0.551"/>
  <system-out><![CDATA[20:08:42.486 [Test worker] DEBUG org.springframework.test.context.BootstrapUtils - Instantiating CacheAwareContextLoaderDelegate from class [org.springframework.test.context.cache.DefaultCacheAwareContextLoaderDelegate]
20:08:42.498 [Test worker] DEBUG org.springframework.test.context.BootstrapUtils - Instantiating BootstrapContext using constructor [public org.springframework.test.context.support.DefaultBootstrapContext(java.lang.Class,org.springframework.test.context.CacheAwareContextLoaderDelegate)]
20:08:42.564 [Test worker] DEBUG org.springframework.test.context.BootstrapUtils - Instantiating TestContextBootstrapper for test class [com.jpa.bookmanager.repository.UserRepositoryTest] from class [org.springframework.boot.test.context.SpringBootTestContextBootstrapper]
20:08:42.587 [Test worker] INFO org.springframework.boot.test.context.SpringBootTestContextBootstrapper - Neither @ContextConfiguration nor @ContextHierarchy found for test class [com.jpa.bookmanager.repository.UserRepositoryTest], using SpringBootContextLoader
20:08:42.592 [Test worker] DEBUG org.springframework.test.context.support.AbstractContextLoader - Did not detect default resource location for test class [com.jpa.bookmanager.repository.UserRepositoryTest]: class path resource [com/jpa/bookmanager/repository/UserRepositoryTest-context.xml] does not exist
20:08:42.593 [Test worker] DEBUG org.springframework.test.context.support.AbstractContextLoader - Did not detect default resource location for test class [com.jpa.bookmanager.repository.UserRepositoryTest]: class path resource [com/jpa/bookmanager/repository/UserRepositoryTestContext.groovy] does not exist
20:08:42.594 [Test worker] INFO org.springframework.test.context.support.AbstractContextLoader - Could not detect default resource locations for test class [com.jpa.bookmanager.repository.UserRepositoryTest]: no resource found for suffixes {-context.xml, Context.groovy}.
20:08:42.594 [Test worker] INFO org.springframework.test.context.support.AnnotationConfigContextLoaderUtils - Could not detect default configuration classes for test class [com.jpa.bookmanager.repository.UserRepositoryTest]: UserRepositoryTest does not declare any static, non-private, non-final, nested classes annotated with @Configuration.
20:08:42.681 [Test worker] DEBUG org.springframework.test.context.support.ActiveProfilesUtils - Could not find an 'annotation declaring class' for annotation type [org.springframework.test.context.ActiveProfiles] and class [com.jpa.bookmanager.repository.UserRepositoryTest]
20:08:42.788 [Test worker] DEBUG org.springframework.context.annotation.ClassPathScanningCandidateComponentProvider - Identified candidate component class: file [/Users/jeunning/IdeaProjects/bookmanager/build/classes/java/main/com/jpa/bookmanager/BookmanagerApplication.class]
20:08:42.791 [Test worker] INFO org.springframework.boot.test.context.SpringBootTestContextBootstrapper - Found @SpringBootConfiguration com.jpa.bookmanager.BookmanagerApplication for test class com.jpa.bookmanager.repository.UserRepositoryTest
20:08:42.936 [Test worker] DEBUG org.springframework.boot.test.context.SpringBootTestContextBootstrapper - @TestExecutionListeners is not present for class [com.jpa.bookmanager.repository.UserRepositoryTest]: using defaults.
20:08:42.937 [Test worker] INFO org.springframework.boot.test.context.SpringBootTestContextBootstrapper - Loaded default TestExecutionListener class names from location [META-INF/spring.factories]: [org.springframework.boot.test.autoconfigure.restdocs.RestDocsTestExecutionListener, org.springframework.boot.test.autoconfigure.web.client.MockRestServiceServerResetTestExecutionListener, org.springframework.boot.test.autoconfigure.web.servlet.MockMvcPrintOnlyOnFailureTestExecutionListener, org.springframework.boot.test.autoconfigure.web.servlet.WebDriverTestExecutionListener, org.springframework.boot.test.autoconfigure.webservices.client.MockWebServiceServerTestExecutionListener, org.springframework.boot.test.mock.mockito.MockitoTestExecutionListener, org.springframework.boot.test.mock.mockito.ResetMocksTestExecutionListener, org.springframework.test.context.web.ServletTestExecutionListener, org.springframework.test.context.support.DirtiesContextBeforeModesTestExecutionListener, org.springframework.test.context.event.ApplicationEventsTestExecutionListener, org.springframework.test.context.support.DependencyInjectionTestExecutionListener, org.springframework.test.context.support.DirtiesContextTestExecutionListener, org.springframework.test.context.transaction.TransactionalTestExecutionListener, org.springframework.test.context.jdbc.SqlScriptsTestExecutionListener, org.springframework.test.context.event.EventPublishingTestExecutionListener]
20:08:42.959 [Test worker] INFO org.springframework.boot.test.context.SpringBootTestContextBootstrapper - Using TestExecutionListeners: [org.springframework.test.context.web.ServletTestExecutionListener@73393584, org.springframework.test.context.support.DirtiesContextBeforeModesTestExecutionListener@31500940, org.springframework.test.context.event.ApplicationEventsTestExecutionListener@1827a871, org.springframework.boot.test.mock.mockito.MockitoTestExecutionListener@48e64352, org.springframework.boot.test.autoconfigure.SpringBootDependencyInjectionTestExecutionListener@7249dadf, org.springframework.test.context.support.DirtiesContextTestExecutionListener@4362d7df, org.springframework.test.context.transaction.TransactionalTestExecutionListener@66238be2, org.springframework.test.context.jdbc.SqlScriptsTestExecutionListener@1c25b8a7, org.springframework.test.context.event.EventPublishingTestExecutionListener@200606de, org.springframework.boot.test.autoconfigure.restdocs.RestDocsTestExecutionListener@750fe12e, org.springframework.boot.test.autoconfigure.web.client.MockRestServiceServerResetTestExecutionListener@f8908f6, org.springframework.boot.test.autoconfigure.web.servlet.MockMvcPrintOnlyOnFailureTestExecutionListener@3e587920, org.springframework.boot.test.autoconfigure.web.servlet.WebDriverTestExecutionListener@2ef8a8c3, org.springframework.boot.test.autoconfigure.webservices.client.MockWebServiceServerTestExecutionListener@24f43aa3, org.springframework.boot.test.mock.mockito.ResetMocksTestExecutionListener@63fd4873]
20:08:42.963 [Test worker] DEBUG org.springframework.test.context.support.AbstractDirtiesContextTestExecutionListener - Before test class: context [DefaultTestContext@3d4d3fe7 testClass = UserRepositoryTest, testInstance = [null], testMethod = [null], testException = [null], mergedContextConfiguration = [WebMergedContextConfiguration@65f87a2c testClass = UserRepositoryTest, locations = '{}', classes = '{class com.jpa.bookmanager.BookmanagerApplication}', contextInitializerClasses = '[]', activeProfiles = '{}', propertySourceLocations = '{}', propertySourceProperties = '{org.springframework.boot.test.context.SpringBootTestContextBootstrapper=true}', contextCustomizers = set[org.springframework.boot.test.autoconfigure.actuate.metrics.MetricsExportContextCustomizerFactory$DisableMetricExportContextCustomizer@463b4ac8, org.springframework.boot.test.autoconfigure.properties.PropertyMappingContextCustomizer@0, org.springframework.boot.test.autoconfigure.web.servlet.WebDriverContextCustomizerFactory$Customizer@66b7550d, org.springframework.boot.test.context.filter.ExcludeFilterContextCustomizer@4212a0c8, org.springframework.boot.test.json.DuplicateJsonObjectContextCustomizerFactory$DuplicateJsonObjectContextCustomizer@476b0ae6, org.springframework.boot.test.mock.mockito.MockitoContextCustomizer@0, org.springframework.boot.test.web.client.TestRestTemplateContextCustomizer@7516e4e5, org.springframework.boot.test.context.SpringBootTestArgs@1, org.springframework.boot.test.context.SpringBootTestWebEnvironment@147e2ae7], resourceBasePath = 'src/main/webapp', contextLoader = 'org.springframework.boot.test.context.SpringBootContextLoader', parent = [null]], attributes = map['org.springframework.test.context.web.ServletTestExecutionListener.activateListener' -> true]], class annotated with @DirtiesContext [false] with mode [null].

  .   ____          _            __ _ _
 /\\ / ___'_ __ _ _(_)_ __  __ _ \ \ \ \
( ( )\___ | '_ | '_| | '_ \/ _` | \ \ \ \
 \\/  ___)| |_)| | | | | || (_| |  ) ) ) )
  '  |____| .__|_| |_|_| |_\__, | / / / /
 =========|_|==============|___/=/_/_/_/
 :: Spring Boot ::                (v2.7.0)

2022-05-31 20:08:43.938  INFO 7252 --- [    Test worker] c.j.b.repository.UserRepositoryTest      : Starting UserRepositoryTest using Java 11.0.14 on sinjeong-eun-ui-MacBookPro.local with PID 7252 (started by jeunning in /Users/jeunning/IdeaProjects/bookmanager)
2022-05-31 20:08:43.943  INFO 7252 --- [    Test worker] c.j.b.repository.UserRepositoryTest      : No active profile set, falling back to 1 default profile: "default"
2022-05-31 20:08:45.617  INFO 7252 --- [    Test worker] .s.d.r.c.RepositoryConfigurationDelegate : Bootstrapping Spring Data JPA repositories in DEFAULT mode.
2022-05-31 20:08:45.752  INFO 7252 --- [    Test worker] .s.d.r.c.RepositoryConfigurationDelegate : Finished Spring Data repository scanning in 124 ms. Found 1 JPA repository interfaces.
2022-05-31 20:08:47.130  INFO 7252 --- [    Test worker] com.zaxxer.hikari.HikariDataSource       : HikariPool-1 - Starting...
2022-05-31 20:08:47.436  INFO 7252 --- [    Test worker] com.zaxxer.hikari.HikariDataSource       : HikariPool-1 - Start completed.
2022-05-31 20:08:47.642  INFO 7252 --- [    Test worker] o.hibernate.jpa.internal.util.LogHelper  : HHH000204: Processing PersistenceUnitInfo [name: default]
2022-05-31 20:08:47.711  INFO 7252 --- [    Test worker] org.hibernate.Version                    : HHH000412: Hibernate ORM core version 5.6.9.Final
2022-05-31 20:08:47.958  INFO 7252 --- [    Test worker] o.hibernate.annotations.common.Version   : HCANN000001: Hibernate Commons Annotations {5.1.2.Final}
2022-05-31 20:08:48.136  INFO 7252 --- [    Test worker] org.hibernate.dialect.Dialect            : HHH000400: Using dialect: org.hibernate.dialect.H2Dialect
2022-05-31 20:08:48.937  INFO 7252 --- [    Test worker] o.h.e.t.j.p.i.JtaPlatformInitiator       : HHH000490: Using JtaPlatform implementation: [org.hibernate.engine.transaction.jta.platform.internal.NoJtaPlatform]
2022-05-31 20:08:48.948  INFO 7252 --- [    Test worker] j.LocalContainerEntityManagerFactoryBean : Initialized JPA EntityManagerFactory for persistence unit 'default'
2022-05-31 20:08:49.601  WARN 7252 --- [    Test worker] JpaBaseConfiguration$JpaWebConfiguration : spring.jpa.open-in-view is enabled by default. Therefore, database queries may be performed during view rendering. Explicitly configure spring.jpa.open-in-view to disable this warning
2022-05-31 20:08:50.369  INFO 7252 --- [    Test worker] o.s.b.a.h2.H2ConsoleAutoConfiguration    : H2 console available at '/h2-console'. Database available at 'jdbc:h2:mem:9dd9e41a-f8b8-406b-9dad-4315ec64e965'
2022-05-31 20:08:51.508  INFO 7252 --- [    Test worker] c.j.b.repository.UserRepositoryTest      : Started UserRepositoryTest in 8.47 seconds (JVM running for 10.732)
>>>  [User(id=1, name=null, email=null, createAt=null, updatedAt=null)]
]]></system-out>
  <system-err><![CDATA[]]></system-err>
</testsuite>
